<?xml version="1.0" encoding="UTF-8"?>
<!-- Generated by org.testng.reporters.JUnitReportReporter -->
<testsuite hostname="user3" failures="0" tests="1" name="testScripts.MouseAction" time="6.011" errors="0" timestamp="2024-11-06T14:07:35 IST" skipped="0">
  <testcase classname="testScripts.MouseAction" name="DoubleClickTest" time="6.011"/>
  <system-out/>
</testsuite> <!-- testScripts.MouseAction -->
