<?xml version="1.0" encoding="UTF-8"?>
<!-- Generated by org.testng.reporters.JUnitReportReporter -->
<testsuite hostname="user3" failures="0" tests="1" name="testScripts.RadioChkBoxTest" time="7.952" errors="0" timestamp="2024-11-05T16:50:26 IST" skipped="0">
  <testcase classname="testScripts.RadioChkBoxTest" name="selectRadioTest" time="7.952"/>
  <system-out/>
</testsuite> <!-- testScripts.RadioChkBoxTest -->
