<?xml version="1.0" encoding="UTF-8"?>
<!-- Generated by org.testng.reporters.JUnitReportReporter -->
<testsuite hostname="user3" failures="0" tests="1" name="testScripts.DropDownTest" time="7.885" errors="0" timestamp="2024-11-05T17:05:20 IST" skipped="0">
  <testcase classname="testScripts.DropDownTest" name="selectOptions" time="7.885"/>
  <system-out/>
</testsuite> <!-- testScripts.DropDownTest -->
