<?xml version="1.0" encoding="UTF-8"?>
<!-- Generated by org.testng.reporters.JUnitReportReporter -->
<testsuite hostname="user3" failures="0" tests="1" name="testScripts.MouseActionTest" time="10.226" errors="0" timestamp="2024-11-18T14:38:43 IST" skipped="0">
  <testcase classname="testScripts.MouseActionTest" name="mouseActionsTest" time="10.226"/>
  <system-out/>
</testsuite> <!-- testScripts.MouseActionTest -->
