<?xml version="1.0" encoding="UTF-8"?>
<!-- Generated by org.testng.reporters.JUnitReportReporter -->
<testsuite hostname="user3" failures="0" tests="1" name="testScripts.DisplayTest" time="6.288" errors="0" timestamp="2024-11-05T16:02:21 IST" skipped="0">
  <testcase classname="testScripts.DisplayTest" name="displayElemTest" time="6.288"/>
  <system-out/>
</testsuite> <!-- testScripts.DisplayTest -->
